<?xml version="1.0" encoding="UTF-8"?>
<!-- Generated by org.testng.reporters.JUnitXMLReporter -->
<testsuite ignored="0" hostname="ATMECSINLT-085" failures="0" tests="0" time="18.667" errors="0" timestamp="31 Oct 2019 08:56:38 GMT">
  <testcase classname="com.atmecs.sample.testbase.TestBase" name="@BeforeTest baseSetup" time="6.632">
    <failure type="java.lang.NoSuchMethodError" message="org.apache.commons.io.FileUtils.copyInputStreamToFile(Ljava/io/InputStream;Ljava/io/File;)V">
      <![CDATA[java.lang.NoSuchMethodError: org.apache.commons.io.FileUtils.copyInputStreamToFile(Ljava/io/InputStream;Ljava/io/File;)V
at io.github.bonigarcia.wdm.Downloader.downloadAndExtract(Downloader.java:133)
at io.github.bonigarcia.wdm.Downloader.download(Downloader.java:79)
at io.github.bonigarcia.wdm.WebDriverManager.downloadCandidateUrls(WebDriverManager.java:479)
at io.github.bonigarcia.wdm.WebDriverManager.manage(WebDriverManager.java:450)
at io.github.bonigarcia.wdm.WebDriverManager.setup(WebDriverManager.java:215)
at com.atmecs.sample.testbase.TestBase.baseSetup(TestBase.java:77)
at java.base/java.util.concurrent.FutureTask.run(FutureTask.java:264)
at java.base/java.util.concurrent.ThreadPoolExecutor.runWorker(ThreadPoolExecutor.java:1128)
at java.base/java.util.concurrent.ThreadPoolExecutor$Worker.run(ThreadPoolExecutor.java:628)
at java.base/java.lang.Thread.run(Thread.java:835)
... Removed 15 stack frames]]>
    </failure>
  </testcase> <!-- @BeforeTest baseSetup -->
  <testcase classname="com.atmecs.sample.extentreport.Extent" name="@AfterMethod tearDown" time="0.0">
    <skipped/>
  </testcase> <!-- @AfterMethod tearDown -->
  <testcase classname="com.atmecs.sample.extentreport.Extent" name="@AfterTest endDriver" time="0.0">
    <skipped/>
  </testcase> <!-- @AfterTest endDriver -->
</testsuite>
