<?xml version="1.0" encoding="UTF-8"?>
<!-- Generated by org.testng.reporters.JUnitXMLReporter -->
<testsuite ignored="0" hostname="ATMECSINLT-085" failures="1" tests="1" name="Test validate IEcom.atmecs.sample.testscripts.Home" time="29.588" errors="0" timestamp="01 Nov 2019 13:54:29 GMT">
  <testcase classname="com.atmecs.sample.testscripts.Home" name="verifytable" time="16.009">
    <failure type="java.lang.IndexOutOfBoundsException" message="Index 1 out of bounds for length 1">
      <![CDATA[java.lang.IndexOutOfBoundsException: Index 1 out of bounds for length 1
at java.base/jdk.internal.util.Preconditions.outOfBounds(Preconditions.java:64)
at java.base/jdk.internal.util.Preconditions.outOfBoundsCheckIndex(Preconditions.java:70)
at java.base/jdk.internal.util.Preconditions.checkIndex(Preconditions.java:248)
at java.base/java.util.Objects.checkIndex(Objects.java:372)
at java.base/java.util.ArrayList.get(ArrayList.java:458)
at com.atmecs.sample.testscripts.Home.getHeadData(Home.java:139)
at com.atmecs.sample.testscripts.Home.verifytable(Home.java:39)
at com.atmecs.sample.testscripts.TestNGMethod.xmlsuite(TestNGMethod.java:63)
... Removed 47 stack frames]]>
    </failure>
  </testcase> <!-- verifytable -->
</testsuite> <!-- Test validate IEcom.atmecs.sample.testscripts.Home -->
