<?xml version="1.0" encoding="UTF-8"?>
<!-- Generated by org.testng.reporters.JUnitXMLReporter -->
<testsuite ignored="0" hostname="ATMECSINLT-085" failures="1" tests="1" name="Test validate IEcom.atmecs.sample.testscripts.TestVerifyPhpTravels" time="108.72" errors="0" timestamp="01 Nov 2019 13:54:00 GMT">
  <testcase classname="com.atmecs.sample.testscripts.TestVerifyPhpTravels" name="verifyPhpTravels" time="95.414">
    <failure type="java.lang.NullPointerException">
      <![CDATA[java.lang.NullPointerException
at com.atmecs.sample.logreports.LogReporter.logReportMessage(LogReporter.java:24)
at com.atmecs.sample.helper.ValidaterHelper.assertValidater(ValidaterHelper.java:163)
at com.atmecs.sample.testscripts.TestVerifyPhpTravels.verifyPhpTravels(TestVerifyPhpTravels.java:39)
at com.atmecs.sample.testscripts.TestNGMethod.xmlsuite(TestNGMethod.java:63)
... Removed 47 stack frames]]>
    </failure>
  </testcase> <!-- verifyPhpTravels -->
</testsuite> <!-- Test validate IEcom.atmecs.sample.testscripts.TestVerifyPhpTravels -->
