<?xml version="1.0" encoding="UTF-8"?>
<!-- Generated by org.testng.reporters.JUnitXMLReporter -->
<testsuite ignored="0" hostname="ATMECSINLT-085" failures="0" tests="1" name="Test validate [IE]com.atmecs.sample.testscripts.TestVerifyCanvas" time="76.457" errors="0" timestamp="04 Nov 2019 16:07:34 GMT">
  <testcase classname="com.atmecs.sample.testscripts.TestVerifyCanvas" name="verifyCanvas" time="58.054"/>
</testsuite> <!-- Test validate [IE]com.atmecs.sample.testscripts.TestVerifyCanvas -->
