<?xml version="1.0" encoding="UTF-8"?>
<testng-results ignored="0" total="1" passed="1" failed="0" skipped="0">
  <reporter-output>
  </reporter-output>
  <suite started-at="2019-11-01T05:10:38Z" name="Suite" finished-at="2019-11-01T05:11:09Z" duration-ms="30498">
    <groups>
    </groups>
    <test started-at="2019-11-01T05:10:38Z" name="Test" finished-at="2019-11-01T05:11:09Z" duration-ms="30498">
      <class name="com.atmecs.sample.testscripts.TestNGMethod">
        <test-method signature="xmlsuite()[pri:0, instance:com.atmecs.sample.testscripts.TestNGMethod@23a5fd2]" started-at="2019-11-01T05:10:38Z" name="xmlsuite" finished-at="2019-11-01T05:11:09Z" duration-ms="30460" status="PASS">
          <reporter-output>
          </reporter-output>
        </test-method> <!-- xmlsuite -->
      </class> <!-- com.atmecs.sample.testscripts.TestNGMethod -->
    </test> <!-- Test -->
  </suite> <!-- Suite -->
</testng-results>
