<?xml version="1.0" encoding="UTF-8"?>
<testng-results ignored="0" total="3" passed="3" failed="0" skipped="0">
  <reporter-output>
  </reporter-output>
  <suite started-at="2019-11-04T16:34:26Z" name="Default suite" finished-at="2019-11-04T16:38:05Z" duration-ms="219766">
    <groups>
    </groups>
    <test started-at="2019-11-04T16:34:26Z" name="Default test" finished-at="2019-11-04T16:38:05Z" duration-ms="219766">
      <class name="com.atmecs.sample.testscripts.TestNGMethod">
        <test-method signature="XmlSuiteRunner(java.lang.String, java.lang.String, java.lang.String)[pri:0, instance:com.atmecs.sample.testscripts.TestNGMethod@327b636c]" started-at="2019-11-04T16:34:27Z" name="XmlSuiteRunner" data-provider="testdata" finished-at="2019-11-04T16:35:40Z" duration-ms="73487" status="PASS">
          <params>
            <param index="0">
              <value>
                <![CDATA[com.atmecs.sample.testscripts.TestVerifyCanvas]]>
              </value>
            </param>
            <param index="1">
              <value>
                <![CDATA[y]]>
              </value>
            </param>
            <param index="2">
              <value>
                <![CDATA[https://www.redbus.in/]]>
              </value>
            </param>
          </params>
          <reporter-output>
          </reporter-output>
        </test-method> <!-- XmlSuiteRunner -->
        <test-method signature="XmlSuiteRunner(java.lang.String, java.lang.String, java.lang.String)[pri:0, instance:com.atmecs.sample.testscripts.TestNGMethod@327b636c]" started-at="2019-11-04T16:35:40Z" name="XmlSuiteRunner" data-provider="testdata" finished-at="2019-11-04T16:37:29Z" duration-ms="108453" status="PASS">
          <params>
            <param index="0">
              <value>
                <![CDATA[com.atmecs.sample.testscripts.TestVerifyPhpTravels]]>
              </value>
            </param>
            <param index="1">
              <value>
                <![CDATA[y]]>
              </value>
            </param>
            <param index="2">
              <value>
                <![CDATA[https://www.phptravels.net/]]>
              </value>
            </param>
          </params>
          <reporter-output>
          </reporter-output>
        </test-method> <!-- XmlSuiteRunner -->
        <test-method signature="XmlSuiteRunner(java.lang.String, java.lang.String, java.lang.String)[pri:0, instance:com.atmecs.sample.testscripts.TestNGMethod@327b636c]" started-at="2019-11-04T16:37:29Z" name="XmlSuiteRunner" data-provider="testdata" finished-at="2019-11-04T16:38:05Z" duration-ms="36614" status="PASS">
          <params>
            <param index="0">
              <value>
                <![CDATA[com.atmecs.sample.testscripts.TestVerifyWebtable]]>
              </value>
            </param>
            <param index="1">
              <value>
                <![CDATA[y]]>
              </value>
            </param>
            <param index="2">
              <value>
                <![CDATA[https://www.toolsqa.com/automation-practice-table/]]>
              </value>
            </param>
          </params>
          <reporter-output>
          </reporter-output>
        </test-method> <!-- XmlSuiteRunner -->
      </class> <!-- com.atmecs.sample.testscripts.TestNGMethod -->
    </test> <!-- Default test -->
  </suite> <!-- Default suite -->
</testng-results>
